<?xml version="1.0" encoding="UTF-8"?>
<!-- Generated by org.testng.reporters.JUnitReportReporter -->
<testsuite hostname="DESKTOP-TJ33K89" name="testcases.TC009" tests="1" failures="0" timestamp="27 Apr 2020 16:27:39 GMT" time="35.054" errors="0">
  <testcase name="bookMobile" time="35.054" classname="testcases.TC009"/>
</testsuite> <!-- testcases.TC009 -->
