<?xml version="1.0" encoding="UTF-8"?>
<!-- Generated by org.testng.reporters.JUnitReportReporter -->
<testsuite hostname="DESKTOP-TJ33K89" name="utils.DP001" tests="1" failures="0" timestamp="25 Apr 2020 06:53:25 GMT" time="0.792" errors="0">
  <testcase name="getdata" time="0.792" classname="utils.DP001"/>
</testsuite> <!-- utils.DP001 -->
